"C:\Program Files\Java\jdk1.8.0_05\bin\java" -Dmaven.home=C:\apache\apache-maven-3.2.5 -Dclassworlds.conf=C:\apache\apache-maven-3.2.5\bin\m2.conf -Didea.launcher.port=7532 "-Didea.launcher.bin.path=F:\IDE\intelliJ\IntelliJ IDEA Community Edition 2016.3.3\bin" -Dfile.encoding=UTF-8 -classpath "C:\apache\apache-maven-3.2.5\boot\plexus-classworlds-2.5.2.jar;F:\IDE\intelliJ\IntelliJ IDEA Community Edition 2016.3.3\lib\idea_rt.jar" com.intellij.rt.execution.application.AppMain org.codehaus.classworlds.Launcher -Didea.version=2016.3.4 evosuite:generate
[INFO] Scanning for projects...
[INFO] ------------------------------------------------------------------------
[INFO] Reactor Build Order:
[INFO] 
[INFO] evosuitedemo
[INFO] model
[INFO] util
[INFO] bo
Downloading: https://repo.maven.apache.org/maven2/org/apache/maven/plugins/maven-deploy-plugin/2.7/maven-deploy-plugin-2.7.pom
Downloaded: https://repo.maven.apache.org/maven2/org/apache/maven/plugins/maven-deploy-plugin/2.7/maven-deploy-plugin-2.7.pom (6 KB at 3.4 KB/sec)
Downloading: https://repo.maven.apache.org/maven2/org/apache/maven/plugins/maven-deploy-plugin/2.7/maven-deploy-plugin-2.7.jar
Downloaded: https://repo.maven.apache.org/maven2/org/apache/maven/plugins/maven-deploy-plugin/2.7/maven-deploy-plugin-2.7.jar (27 KB at 40.3 KB/sec)
Downloading: https://repo.maven.apache.org/maven2/org/apache/maven/plugins/maven-site-plugin/3.3/maven-site-plugin-3.3.pom
Downloaded: https://repo.maven.apache.org/maven2/org/apache/maven/plugins/maven-site-plugin/3.3/maven-site-plugin-3.3.pom (21 KB at 55.8 KB/sec)
Downloading: https://repo.maven.apache.org/maven2/org/apache/maven/plugins/maven-site-plugin/3.3/maven-site-plugin-3.3.jar
Downloaded: https://repo.maven.apache.org/maven2/org/apache/maven/plugins/maven-site-plugin/3.3/maven-site-plugin-3.3.jar (122 KB at 138.2 KB/sec)
Downloading: https://repo.maven.apache.org/maven2/org/apache/maven/plugins/maven-antrun-plugin/1.3/maven-antrun-plugin-1.3.pom
Downloaded: https://repo.maven.apache.org/maven2/org/apache/maven/plugins/maven-antrun-plugin/1.3/maven-antrun-plugin-1.3.pom (5 KB at 14.3 KB/sec)
Downloading: https://repo.maven.apache.org/maven2/org/apache/maven/plugins/maven-plugins/12/maven-plugins-12.pom
Downloaded: https://repo.maven.apache.org/maven2/org/apache/maven/plugins/maven-plugins/12/maven-plugins-12.pom (12 KB at 33.9 KB/sec)
Downloading: https://repo.maven.apache.org/maven2/org/apache/maven/maven-parent/9/maven-parent-9.pom
Downloaded: https://repo.maven.apache.org/maven2/org/apache/maven/maven-parent/9/maven-parent-9.pom (33 KB at 93.8 KB/sec)
Downloading: https://repo.maven.apache.org/maven2/org/apache/maven/plugins/maven-antrun-plugin/1.3/maven-antrun-plugin-1.3.jar
Downloaded: https://repo.maven.apache.org/maven2/org/apache/maven/plugins/maven-antrun-plugin/1.3/maven-antrun-plugin-1.3.jar (24 KB at 44.7 KB/sec)
Downloading: https://repo.maven.apache.org/maven2/org/apache/maven/plugins/maven-assembly-plugin/2.2-beta-5/maven-assembly-plugin-2.2-beta-5.pom
Downloaded: https://repo.maven.apache.org/maven2/org/apache/maven/plugins/maven-assembly-plugin/2.2-beta-5/maven-assembly-plugin-2.2-beta-5.pom (15 KB at 41.4 KB/sec)
Downloading: https://repo.maven.apache.org/maven2/org/apache/maven/plugins/maven-plugins/16/maven-plugins-16.pom
Downloaded: https://repo.maven.apache.org/maven2/org/apache/maven/plugins/maven-plugins/16/maven-plugins-16.pom (13 KB at 34.7 KB/sec)
Downloading: https://repo.maven.apache.org/maven2/org/apache/maven/maven-parent/15/maven-parent-15.pom
Downloaded: https://repo.maven.apache.org/maven2/org/apache/maven/maven-parent/15/maven-parent-15.pom (24 KB at 51.1 KB/sec)
Downloading: https://repo.maven.apache.org/maven2/org/apache/apache/6/apache-6.pom
Downloaded: https://repo.maven.apache.org/maven2/org/apache/apache/6/apache-6.pom (13 KB at 19.3 KB/sec)
Downloading: https://repo.maven.apache.org/maven2/org/apache/maven/plugins/maven-assembly-plugin/2.2-beta-5/maven-assembly-plugin-2.2-beta-5.jar
Downloaded: https://repo.maven.apache.org/maven2/org/apache/maven/plugins/maven-assembly-plugin/2.2-beta-5/maven-assembly-plugin-2.2-beta-5.jar (204 KB at 149.4 KB/sec)
Downloading: https://repo.maven.apache.org/maven2/org/apache/maven/plugins/maven-dependency-plugin/2.8/maven-dependency-plugin-2.8.pom
Downloaded: https://repo.maven.apache.org/maven2/org/apache/maven/plugins/maven-dependency-plugin/2.8/maven-dependency-plugin-2.8.pom (12 KB at 30.6 KB/sec)
Downloading: https://repo.maven.apache.org/maven2/org/apache/maven/plugins/maven-dependency-plugin/2.8/maven-dependency-plugin-2.8.jar
Downloaded: https://repo.maven.apache.org/maven2/org/apache/maven/plugins/maven-dependency-plugin/2.8/maven-dependency-plugin-2.8.jar (150 KB at 79.6 KB/sec)
Downloading: https://repo.maven.apache.org/maven2/org/apache/maven/plugins/maven-release-plugin/2.3.2/maven-release-plugin-2.3.2.pom
Downloaded: https://repo.maven.apache.org/maven2/org/apache/maven/plugins/maven-release-plugin/2.3.2/maven-release-plugin-2.3.2.pom (10 KB at 24.0 KB/sec)
Downloading: https://repo.maven.apache.org/maven2/org/apache/maven/release/maven-release/2.3.2/maven-release-2.3.2.pom
Downloaded: https://repo.maven.apache.org/maven2/org/apache/maven/release/maven-release/2.3.2/maven-release-2.3.2.pom (9 KB at 23.5 KB/sec)
Downloading: https://repo.maven.apache.org/maven2/org/apache/maven/plugins/maven-release-plugin/2.3.2/maven-release-plugin-2.3.2.jar
Downloaded: https://repo.maven.apache.org/maven2/org/apache/maven/plugins/maven-release-plugin/2.3.2/maven-release-plugin-2.3.2.jar (44 KB at 61.5 KB/sec)
[INFO]                                                                         
[INFO] ------------------------------------------------------------------------
[INFO] Building evosuitedemo 1.0-SNAPSHOT
[INFO] ------------------------------------------------------------------------
[INFO] 
[INFO] >>> evosuite-maven-plugin:1.0.6:generate (default-cli) > compile @ evosuitedemo >>>
[INFO] 
[INFO] <<< evosuite-maven-plugin:1.0.6:generate (default-cli) < compile @ evosuitedemo <<<
[INFO] 
[INFO] --- evosuite-maven-plugin:1.0.6:generate (default-cli) @ evosuitedemo ---
[INFO] Going to generate tests with EvoSuite
[INFO] Total memory: 800mb
[INFO] Time per class: 2 minutes
[INFO] Number of used cores: 1
[INFO] Target: null
[INFO] Basedir: F:\workspace\java\intellij\evosuitedemo
[INFO] Nothing to test
[INFO]                                                                         
[INFO] ------------------------------------------------------------------------
[INFO] Building model 1.0-SNAPSHOT
[INFO] ------------------------------------------------------------------------
[INFO] 
[INFO] >>> evosuite-maven-plugin:1.0.6:generate (default-cli) > compile @ model >>>
[INFO] 
[INFO] --- maven-resources-plugin:2.6:resources (default-resources) @ model ---
[WARNING] Using platform encoding (UTF-8 actually) to copy filtered resources, i.e. build is platform dependent!
[INFO] Copying 0 resource
[INFO] 
[INFO] --- maven-compiler-plugin:3.1:compile (default-compile) @ model ---
[INFO] Nothing to compile - all classes are up to date
[INFO] 
[INFO] <<< evosuite-maven-plugin:1.0.6:generate (default-cli) < compile @ model <<<
[INFO] 
[INFO] --- evosuite-maven-plugin:1.0.6:generate (default-cli) @ model ---
[INFO] Going to generate tests with EvoSuite
[INFO] Total memory: 800mb
[INFO] Time per class: 2 minutes
[INFO] Number of used cores: 1
[INFO] Target: F:\workspace\java\intellij\evosuitedemo\model\target\classes
[INFO] Basedir: F:\workspace\java\intellij\evosuitedemo\model
[INFO] Started spawn process manager on port 16672
Downloading: https://repo.maven.apache.org/maven2/org/apache/maven/wagon/wagon-ssh-external/2.7/wagon-ssh-external-2.7.pom
Downloaded: https://repo.maven.apache.org/maven2/org/apache/maven/wagon/wagon-ssh-external/2.7/wagon-ssh-external-2.7.pom (5 KB at 13.1 KB/sec)
Downloading: https://repo.maven.apache.org/maven2/org/apache/maven/wagon/wagon-providers/2.7/wagon-providers-2.7.pom
Downloaded: https://repo.maven.apache.org/maven2/org/apache/maven/wagon/wagon-providers/2.7/wagon-providers-2.7.pom (3 KB at 7.7 KB/sec)
Downloading: https://repo.maven.apache.org/maven2/org/apache/maven/wagon/wagon/2.7/wagon-2.7.pom
Downloaded: https://repo.maven.apache.org/maven2/org/apache/maven/wagon/wagon/2.7/wagon-2.7.pom (19 KB at 43.1 KB/sec)
Downloading: https://repo.maven.apache.org/maven2/org/apache/maven/maven-parent/24/maven-parent-24.pom
Downloaded: https://repo.maven.apache.org/maven2/org/apache/maven/maven-parent/24/maven-parent-24.pom (37 KB at 97.7 KB/sec)
Downloading: https://repo.maven.apache.org/maven2/org/apache/apache/14/apache-14.pom
Downloaded: https://repo.maven.apache.org/maven2/org/apache/apache/14/apache-14.pom (15 KB at 38.4 KB/sec)
Downloading: https://repo.maven.apache.org/maven2/org/codehaus/plexus/plexus-utils/3.0.15/plexus-utils-3.0.15.pom
Downloaded: https://repo.maven.apache.org/maven2/org/codehaus/plexus/plexus-utils/3.0.15/plexus-utils-3.0.15.pom (4 KB at 9.4 KB/sec)
Downloading: https://repo.maven.apache.org/maven2/org/apache/maven/wagon/wagon-ssh-common/2.7/wagon-ssh-common-2.7.pom
Downloaded: https://repo.maven.apache.org/maven2/org/apache/maven/wagon/wagon-ssh-common/2.7/wagon-ssh-common-2.7.pom (2 KB at 2.8 KB/sec)
Downloading: https://repo.maven.apache.org/maven2/org/codehaus/plexus/plexus-interactivity-api/1.0-alpha-6/plexus-interactivity-api-1.0-alpha-6.pom
Downloaded: https://repo.maven.apache.org/maven2/org/codehaus/plexus/plexus-interactivity-api/1.0-alpha-6/plexus-interactivity-api-1.0-alpha-6.pom (726 B at 2.1 KB/sec)
Downloading: https://repo.maven.apache.org/maven2/org/codehaus/plexus/plexus-interactivity/1.0-alpha-6/plexus-interactivity-1.0-alpha-6.pom
Downloaded: https://repo.maven.apache.org/maven2/org/codehaus/plexus/plexus-interactivity/1.0-alpha-6/plexus-interactivity-1.0-alpha-6.pom (2 KB at 3.2 KB/sec)
Downloading: https://repo.maven.apache.org/maven2/org/codehaus/plexus/plexus-components/1.1.9/plexus-components-1.1.9.pom
Downloaded: https://repo.maven.apache.org/maven2/org/codehaus/plexus/plexus-components/1.1.9/plexus-components-1.1.9.pom (3 KB at 5.9 KB/sec)
Downloading: https://repo.maven.apache.org/maven2/org/codehaus/plexus/plexus/1.0.10/plexus-1.0.10.pom
Downloaded: https://repo.maven.apache.org/maven2/org/codehaus/plexus/plexus/1.0.10/plexus-1.0.10.pom (9 KB at 24.8 KB/sec)
Downloading: https://repo.maven.apache.org/maven2/org/apache/maven/wagon/wagon-provider-api/2.7/wagon-provider-api-2.7.pom
Downloaded: https://repo.maven.apache.org/maven2/org/apache/maven/wagon/wagon-provider-api/2.7/wagon-provider-api-2.7.pom (2 KB at 5.0 KB/sec)
Downloading: https://repo.maven.apache.org/maven2/org/apache/maven/wagon/wagon-ssh-external/2.7/wagon-ssh-external-2.7.jar
Downloading: https://repo.maven.apache.org/maven2/org/codehaus/plexus/plexus-utils/3.0.15/plexus-utils-3.0.15.jar
Downloading: https://repo.maven.apache.org/maven2/org/codehaus/plexus/plexus-interactivity-api/1.0-alpha-6/plexus-interactivity-api-1.0-alpha-6.jar
Downloading: https://repo.maven.apache.org/maven2/org/apache/maven/wagon/wagon-ssh-common/2.7/wagon-ssh-common-2.7.jar
Downloaded: https://repo.maven.apache.org/maven2/org/codehaus/plexus/plexus-interactivity-api/1.0-alpha-6/plexus-interactivity-api-1.0-alpha-6.jar (12 KB at 12.2 KB/sec)
Downloaded: https://repo.maven.apache.org/maven2/org/apache/maven/wagon/wagon-ssh-external/2.7/wagon-ssh-external-2.7.jar (15 KB at 13.6 KB/sec)
Downloaded: https://repo.maven.apache.org/maven2/org/apache/maven/wagon/wagon-ssh-common/2.7/wagon-ssh-common-2.7.jar (25 KB at 20.3 KB/sec)
Downloaded: https://repo.maven.apache.org/maven2/org/codehaus/plexus/plexus-utils/3.0.15/plexus-utils-3.0.15.jar (234 KB at 152.6 KB/sec)
Downloading: https://repo.maven.apache.org/maven2/org/sonatype/plugins/nexus-staging-maven-plugin/1.6.8/nexus-staging-maven-plugin-1.6.8.pom
Downloaded: https://repo.maven.apache.org/maven2/org/sonatype/plugins/nexus-staging-maven-plugin/1.6.8/nexus-staging-maven-plugin-1.6.8.pom (12 KB at 32.9 KB/sec)
Downloading: https://repo.maven.apache.org/maven2/org/sonatype/nexus/maven/nexus-staging/1.6.8/nexus-staging-1.6.8.pom
Downloaded: https://repo.maven.apache.org/maven2/org/sonatype/nexus/maven/nexus-staging/1.6.8/nexus-staging-1.6.8.pom (3 KB at 8.0 KB/sec)
Downloading: https://repo.maven.apache.org/maven2/org/sonatype/nexus/maven/nexus-maven-plugins/1.6.8/nexus-maven-plugins-1.6.8.pom
Downloaded: https://repo.maven.apache.org/maven2/org/sonatype/nexus/maven/nexus-maven-plugins/1.6.8/nexus-maven-plugins-1.6.8.pom (18 KB at 45.6 KB/sec)
Downloading: https://repo.maven.apache.org/maven2/org/sonatype/buildsupport/public-parent/6/public-parent-6.pom
Downloaded: https://repo.maven.apache.org/maven2/org/sonatype/buildsupport/public-parent/6/public-parent-6.pom (760 B at 2.2 KB/sec)
Downloading: https://repo.maven.apache.org/maven2/org/sonatype/buildsupport/buildsupport/6/buildsupport-6.pom
Downloaded: https://repo.maven.apache.org/maven2/org/sonatype/buildsupport/buildsupport/6/buildsupport-6.pom (23 KB at 60.8 KB/sec)
Downloading: https://repo.maven.apache.org/maven2/org/sonatype/nexus/maven/nexus-common/1.6.8/nexus-common-1.6.8.pom
Downloaded: https://repo.maven.apache.org/maven2/org/sonatype/nexus/maven/nexus-common/1.6.8/nexus-common-1.6.8.pom (3 KB at 5.3 KB/sec)
Downloading: https://repo.maven.apache.org/maven2/org/sonatype/plexus/plexus-cipher/1.7/plexus-cipher-1.7.pom
Downloaded: https://repo.maven.apache.org/maven2/org/sonatype/plexus/plexus-cipher/1.7/plexus-cipher-1.7.pom (5 KB at 11.8 KB/sec)
Downloading: https://repo.maven.apache.org/maven2/org/sonatype/spice/spice-parent/15/spice-parent-15.pom
Downloaded: https://repo.maven.apache.org/maven2/org/sonatype/spice/spice-parent/15/spice-parent-15.pom (9 KB at 20.6 KB/sec)
Downloading: https://repo.maven.apache.org/maven2/com/google/guava/guava/14.0.1/guava-14.0.1.pom
Downloaded: https://repo.maven.apache.org/maven2/com/google/guava/guava/14.0.1/guava-14.0.1.pom (6 KB at 15.9 KB/sec)
Downloading: https://repo.maven.apache.org/maven2/com/google/guava/guava-parent/14.0.1/guava-parent-14.0.1.pom
Downloaded: https://repo.maven.apache.org/maven2/com/google/guava/guava-parent/14.0.1/guava-parent-14.0.1.pom (3 KB at 7.4 KB/sec)
Downloading: https://repo.maven.apache.org/maven2/org/sonatype/nexus/nexus-client-core/2.14.3-02/nexus-client-core-2.14.3-02.pom
Downloaded: https://repo.maven.apache.org/maven2/org/sonatype/nexus/nexus-client-core/2.14.3-02/nexus-client-core-2.14.3-02.pom (5 KB at 13.9 KB/sec)
Downloading: https://repo.maven.apache.org/maven2/org/sonatype/nexus/nexus-components/2.14.3-02/nexus-components-2.14.3-02.pom
Downloaded: https://repo.maven.apache.org/maven2/org/sonatype/nexus/nexus-components/2.14.3-02/nexus-components-2.14.3-02.pom (3 KB at 7.7 KB/sec)
Downloading: https://repo.maven.apache.org/maven2/org/sonatype/nexus/nexus-parent/2.14.3-02/nexus-parent-2.14.3-02.pom
Downloaded: https://repo.maven.apache.org/maven2/org/sonatype/nexus/nexus-parent/2.14.3-02/nexus-parent-2.14.3-02.pom (38 KB at 101.2 KB/sec)
Downloading: https://repo.maven.apache.org/maven2/org/sonatype/buildsupport/public-parent/9/public-parent-9.pom
Downloaded: https://repo.maven.apache.org/maven2/org/sonatype/buildsupport/public-parent/9/public-parent-9.pom (760 B at 1.9 KB/sec)
Downloading: https://repo.maven.apache.org/maven2/org/sonatype/buildsupport/buildsupport/9/buildsupport-9.pom
Downloaded: https://repo.maven.apache.org/maven2/org/sonatype/buildsupport/buildsupport/9/buildsupport-9.pom (24 KB at 51.0 KB/sec)
Downloading: https://repo.maven.apache.org/maven2/org/sonatype/nexus/buildsupport/nexus-buildsupport-all/2.14.3-02/nexus-buildsupport-all-2.14.3-02.pom
Downloaded: https://repo.maven.apache.org/maven2/org/sonatype/nexus/buildsupport/nexus-buildsupport-all/2.14.3-02/nexus-buildsupport-all-2.14.3-02.pom (7 KB at 18.3 KB/sec)
Downloading: https://repo.maven.apache.org/maven2/org/sonatype/nexus/buildsupport/nexus-buildsupport/2.14.3-02/nexus-buildsupport-2.14.3-02.pom
Downloaded: https://repo.maven.apache.org/maven2/org/sonatype/nexus/buildsupport/nexus-buildsupport/2.14.3-02/nexus-buildsupport-2.14.3-02.pom (3 KB at 5.9 KB/sec)
Downloading: https://repository.sonatype.org/content/groups/sonatype-public-grid/org/sonatype/nexus/buildsupport/nexus-buildsupport-commons/2.14.3-02/nexus-buildsupport-commons-2.14.3-02.pom
Downloaded: https://repository.sonatype.org/content/groups/sonatype-public-grid/org/sonatype/nexus/buildsupport/nexus-buildsupport-commons/2.14.3-02/nexus-buildsupport-commons-2.14.3-02.pom (4 KB at 2.6 KB/sec)
Downloading: https://repository.sonatype.org/content/groups/sonatype-public-grid/org/sonatype/nexus/buildsupport/nexus-buildsupport-db/2.14.3-02/nexus-buildsupport-db-2.14.3-02.pom
Downloaded: https://repository.sonatype.org/content/groups/sonatype-public-grid/org/sonatype/nexus/buildsupport/nexus-buildsupport-db/2.14.3-02/nexus-buildsupport-db-2.14.3-02.pom (4 KB at 6.3 KB/sec)
Downloading: https://repository.sonatype.org/content/groups/sonatype-public-grid/org/sonatype/nexus/buildsupport/nexus-buildsupport-gwt/2.14.3-02/nexus-buildsupport-gwt-2.14.3-02.pom
Downloaded: https://repository.sonatype.org/content/groups/sonatype-public-grid/org/sonatype/nexus/buildsupport/nexus-buildsupport-gwt/2.14.3-02/nexus-buildsupport-gwt-2.14.3-02.pom (3 KB at 4.4 KB/sec)
Downloading: https://repository.sonatype.org/content/groups/sonatype-public-grid/org/sonatype/nexus/buildsupport/nexus-buildsupport-httpclient/2.14.3-02/nexus-buildsupport-httpclient-2.14.3-02.pom
Downloaded: https://repository.sonatype.org/content/groups/sonatype-public-grid/org/sonatype/nexus/buildsupport/nexus-buildsupport-httpclient/2.14.3-02/nexus-buildsupport-httpclient-2.14.3-02.pom (3 KB at 4.2 KB/sec)
Downloading: https://repository.sonatype.org/content/groups/sonatype-public-grid/org/sonatype/nexus/buildsupport/nexus-buildsupport-insight/2.14.3-02/nexus-buildsupport-insight-2.14.3-02.pom
Downloaded: https://repository.sonatype.org/content/groups/sonatype-public-grid/org/sonatype/nexus/buildsupport/nexus-buildsupport-insight/2.14.3-02/nexus-buildsupport-insight-2.14.3-02.pom (5 KB at 9.0 KB/sec)
Downloading: https://repository.sonatype.org/content/groups/sonatype-public-grid/org/sonatype/nexus/buildsupport/nexus-buildsupport-maven/2.14.3-02/nexus-buildsupport-maven-2.14.3-02.pom
Downloaded: https://repository.sonatype.org/content/groups/sonatype-public-grid/org/sonatype/nexus/buildsupport/nexus-buildsupport-maven/2.14.3-02/nexus-buildsupport-maven-2.14.3-02.pom (7 KB at 13.6 KB/sec)
Downloading: https://repository.sonatype.org/content/groups/sonatype-public-grid/org/sonatype/nexus/buildsupport/nexus-buildsupport-messaging/2.14.3-02/nexus-buildsupport-messaging-2.14.3-02.pom
Downloaded: https://repository.sonatype.org/content/groups/sonatype-public-grid/org/sonatype/nexus/buildsupport/nexus-buildsupport-messaging/2.14.3-02/nexus-buildsupport-messaging-2.14.3-02.pom (5 KB at 9.8 KB/sec)
Downloading: https://repository.sonatype.org/content/groups/sonatype-public-grid/org/sonatype/nexus/buildsupport/nexus-buildsupport-shiro/2.14.3-02/nexus-buildsupport-shiro-2.14.3-02.pom
Downloaded: https://repository.sonatype.org/content/groups/sonatype-public-grid/org/sonatype/nexus/buildsupport/nexus-buildsupport-shiro/2.14.3-02/nexus-buildsupport-shiro-2.14.3-02.pom (4 KB at 6.7 KB/sec)
Downloading: https://repository.sonatype.org/content/groups/sonatype-public-grid/org/sonatype/nexus/buildsupport/nexus-buildsupport-bouncycastle/2.14.3-02/nexus-buildsupport-bouncycastle-2.14.3-02.pom
Downloaded: https://repository.sonatype.org/content/groups/sonatype-public-grid/org/sonatype/nexus/buildsupport/nexus-buildsupport-bouncycastle/2.14.3-02/nexus-buildsupport-bouncycastle-2.14.3-02.pom (3 KB at 3.7 KB/sec)
Downloading: https://repository.sonatype.org/content/groups/sonatype-public-grid/org/sonatype/nexus/buildsupport/nexus-buildsupport-jetty/2.14.3-02/nexus-buildsupport-jetty-2.14.3-02.pom
Downloaded: https://repository.sonatype.org/content/groups/sonatype-public-grid/org/sonatype/nexus/buildsupport/nexus-buildsupport-jetty/2.14.3-02/nexus-buildsupport-jetty-2.14.3-02.pom (5 KB at 8.8 KB/sec)
Downloading: https://repository.sonatype.org/content/groups/sonatype-public-grid/org/sonatype/nexus/buildsupport/nexus-buildsupport-goodies/2.14.3-02/nexus-buildsupport-goodies-2.14.3-02.pom
Downloaded: https://repository.sonatype.org/content/groups/sonatype-public-grid/org/sonatype/nexus/buildsupport/nexus-buildsupport-goodies/2.14.3-02/nexus-buildsupport-goodies-2.14.3-02.pom (4 KB at 7.2 KB/sec)
Downloading: https://repository.sonatype.org/content/groups/sonatype-public-grid/org/sonatype/nexus/buildsupport/nexus-buildsupport-groovy/2.14.3-02/nexus-buildsupport-groovy-2.14.3-02.pom
Downloaded: https://repository.sonatype.org/content/groups/sonatype-public-grid/org/sonatype/nexus/buildsupport/nexus-buildsupport-groovy/2.14.3-02/nexus-buildsupport-groovy-2.14.3-02.pom (4 KB at 6.1 KB/sec)
Downloading: https://repository.sonatype.org/content/groups/sonatype-public-grid/org/sonatype/nexus/buildsupport/nexus-buildsupport-guice/2.14.3-02/nexus-buildsupport-guice-2.14.3-02.pom
Downloaded: https://repository.sonatype.org/content/groups/sonatype-public-grid/org/sonatype/nexus/buildsupport/nexus-buildsupport-guice/2.14.3-02/nexus-buildsupport-guice-2.14.3-02.pom (4 KB at 6.9 KB/sec)
Downloading: https://repository.sonatype.org/content/groups/sonatype-public-grid/org/sonatype/nexus/buildsupport/nexus-buildsupport-logging/2.14.3-02/nexus-buildsupport-logging-2.14.3-02.pom
Downloaded: https://repository.sonatype.org/content/groups/sonatype-public-grid/org/sonatype/nexus/buildsupport/nexus-buildsupport-logging/2.14.3-02/nexus-buildsupport-logging-2.14.3-02.pom (4 KB at 6.5 KB/sec)
Downloading: https://repository.sonatype.org/content/groups/sonatype-public-grid/org/sonatype/nexus/buildsupport/nexus-buildsupport-osgi/2.14.3-02/nexus-buildsupport-osgi-2.14.3-02.pom
Downloaded: https://repository.sonatype.org/content/groups/sonatype-public-grid/org/sonatype/nexus/buildsupport/nexus-buildsupport-osgi/2.14.3-02/nexus-buildsupport-osgi-2.14.3-02.pom (2 KB at 4.0 KB/sec)
Downloading: https://repository.sonatype.org/content/groups/sonatype-public-grid/org/sonatype/nexus/buildsupport/nexus-buildsupport-other/2.14.3-02/nexus-buildsupport-other-2.14.3-02.pom
Downloaded: https://repository.sonatype.org/content/groups/sonatype-public-grid/org/sonatype/nexus/buildsupport/nexus-buildsupport-other/2.14.3-02/nexus-buildsupport-other-2.14.3-02.pom (7 KB at 13.3 KB/sec)
Downloading: https://repository.sonatype.org/content/groups/sonatype-public-grid/org/sonatype/nexus/buildsupport/nexus-buildsupport-plexus/2.14.3-02/nexus-buildsupport-plexus-2.14.3-02.pom
Downloaded: https://repository.sonatype.org/content/groups/sonatype-public-grid/org/sonatype/nexus/buildsupport/nexus-buildsupport-plexus/2.14.3-02/nexus-buildsupport-plexus-2.14.3-02.pom (5 KB at 8.8 KB/sec)
Downloading: https://repository.sonatype.org/content/groups/sonatype-public-grid/org/sonatype/nexus/buildsupport/nexus-buildsupport-rest/2.14.3-02/nexus-buildsupport-rest-2.14.3-02.pom
Downloaded: https://repository.sonatype.org/content/groups/sonatype-public-grid/org/sonatype/nexus/buildsupport/nexus-buildsupport-rest/2.14.3-02/nexus-buildsupport-rest-2.14.3-02.pom (5 KB at 10.0 KB/sec)
Downloading: https://repository.sonatype.org/content/groups/sonatype-public-grid/org/sonatype/nexus/buildsupport/nexus-buildsupport-testing/2.14.3-02/nexus-buildsupport-testing-2.14.3-02.pom
Downloaded: https://repository.sonatype.org/content/groups/sonatype-public-grid/org/sonatype/nexus/buildsupport/nexus-buildsupport-testing/2.14.3-02/nexus-buildsupport-testing-2.14.3-02.pom (5 KB at 7.6 KB/sec)
Downloading: https://repository.sonatype.org/content/groups/sonatype-public-grid/org/sonatype/nexus/buildsupport/nexus-buildsupport-metrics/2.14.3-02/nexus-buildsupport-metrics-2.14.3-02.pom
Downloaded: https://repository.sonatype.org/content/groups/sonatype-public-grid/org/sonatype/nexus/buildsupport/nexus-buildsupport-metrics/2.14.3-02/nexus-buildsupport-metrics-2.14.3-02.pom (3 KB at 6.0 KB/sec)
Downloading: https://repo.maven.apache.org/maven2/org/sonatype/nexus/plugins/nexus-restlet1x-model/2.14.3-02/nexus-restlet1x-model-2.14.3-02.pom
Downloaded: https://repo.maven.apache.org/maven2/org/sonatype/nexus/plugins/nexus-restlet1x-model/2.14.3-02/nexus-restlet1x-model-2.14.3-02.pom (4 KB at 7.5 KB/sec)
Downloading: https://repo.maven.apache.org/maven2/org/sonatype/nexus/plugins/nexus-plugins-restlet1x/2.14.3-02/nexus-plugins-restlet1x-2.14.3-02.pom
Downloaded: https://repo.maven.apache.org/maven2/org/sonatype/nexus/plugins/nexus-plugins-restlet1x/2.14.3-02/nexus-plugins-restlet1x-2.14.3-02.pom (6 KB at 15.6 KB/sec)
Downloading: https://repo.maven.apache.org/maven2/org/sonatype/nexus/plugins/nexus-plugins/2.14.3-02/nexus-plugins-2.14.3-02.pom
Downloaded: https://repo.maven.apache.org/maven2/org/sonatype/nexus/plugins/nexus-plugins/2.14.3-02/nexus-plugins-2.14.3-02.pom (32 KB at 60.1 KB/sec)
Downloading: https://repo.maven.apache.org/maven2/org/apache/maven/maven-model/3.0.4/maven-model-3.0.4.pom
Downloaded: https://repo.maven.apache.org/maven2/org/apache/maven/maven-model/3.0.4/maven-model-3.0.4.pom (4 KB at 10.9 KB/sec)
Downloading: https://repo.maven.apache.org/maven2/org/apache/maven/maven/3.0.4/maven-3.0.4.pom
Downloaded: https://repo.maven.apache.org/maven2/org/apache/maven/maven/3.0.4/maven-3.0.4.pom (22 KB at 50.2 KB/sec)
Downloading: https://repo.maven.apache.org/maven2/org/slf4j/slf4j-api/1.7.7/slf4j-api-1.7.7.pom
Downloaded: https://repo.maven.apache.org/maven2/org/slf4j/slf4j-api/1.7.7/slf4j-api-1.7.7.pom (3 KB at 7.9 KB/sec)
Downloading: https://repo.maven.apache.org/maven2/org/slf4j/slf4j-parent/1.7.7/slf4j-parent-1.7.7.pom
Downloaded: https://repo.maven.apache.org/maven2/org/slf4j/slf4j-parent/1.7.7/slf4j-parent-1.7.7.pom (12 KB at 33.6 KB/sec)
Downloading: https://repo.maven.apache.org/maven2/com/intellij/annotations/9.0.4/annotations-9.0.4.pom
Downloaded: https://repo.maven.apache.org/maven2/com/intellij/annotations/9.0.4/annotations-9.0.4.pom (2 KB at 3.4 KB/sec)
Downloading: https://repo.maven.apache.org/maven2/commons-io/commons-io/2.4/commons-io-2.4.pom
Downloaded: https://repo.maven.apache.org/maven2/commons-io/commons-io/2.4/commons-io-2.4.pom (10 KB at 29.0 KB/sec)
Downloading: https://repo.maven.apache.org/maven2/org/apache/commons/commons-parent/25/commons-parent-25.pom
Downloaded: https://repo.maven.apache.org/maven2/org/apache/commons/commons-parent/25/commons-parent-25.pom (48 KB at 113.1 KB/sec)
Downloading: https://repo.maven.apache.org/maven2/com/thoughtworks/xstream/xstream/1.4.7/xstream-1.4.7.pom
Downloaded: https://repo.maven.apache.org/maven2/com/thoughtworks/xstream/xstream/1.4.7/xstream-1.4.7.pom (11 KB at 20.4 KB/sec)
Downloading: https://repo.maven.apache.org/maven2/com/thoughtworks/xstream/xstream-parent/1.4.7/xstream-parent-1.4.7.pom
Downloaded: https://repo.maven.apache.org/maven2/com/thoughtworks/xstream/xstream-parent/1.4.7/xstream-parent-1.4.7.pom (26 KB at 72.8 KB/sec)
Downloading: https://repo.maven.apache.org/maven2/org/codehaus/codehaus-parent/3/codehaus-parent-3.pom
Downloaded: https://repo.maven.apache.org/maven2/org/codehaus/codehaus-parent/3/codehaus-parent-3.pom (5 KB at 10.6 KB/sec)
Downloading: https://repo.maven.apache.org/maven2/joda-time/joda-time/2.2/joda-time-2.2.pom
Downloaded: https://repo.maven.apache.org/maven2/joda-time/joda-time/2.2/joda-time-2.2.pom (16 KB at 44.5 KB/sec)
Downloading: https://repo.maven.apache.org/maven2/commons-lang/commons-lang/2.6/commons-lang-2.6.pom
Downloaded: https://repo.maven.apache.org/maven2/commons-lang/commons-lang/2.6/commons-lang-2.6.pom (18 KB at 42.8 KB/sec)
Downloading: https://repo.maven.apache.org/maven2/org/apache/commons/commons-parent/17/commons-parent-17.pom
Downloaded: https://repo.maven.apache.org/maven2/org/apache/commons/commons-parent/17/commons-parent-17.pom (31 KB at 84.4 KB/sec)
Downloading: https://repo.maven.apache.org/maven2/org/apache/apache/7/apache-7.pom
Downloaded: https://repo.maven.apache.org/maven2/org/apache/apache/7/apache-7.pom (15 KB at 33.8 KB/sec)
Downloading: https://repo.maven.apache.org/maven2/commons-beanutils/commons-beanutils-core/1.8.3/commons-beanutils-core-1.8.3.pom
Downloaded: https://repo.maven.apache.org/maven2/commons-beanutils/commons-beanutils-core/1.8.3/commons-beanutils-core-1.8.3.pom (2 KB at 4.7 KB/sec)
Downloading: https://repo.maven.apache.org/maven2/org/sonatype/sisu/siesta/siesta-client/1.7/siesta-client-1.7.pom
Downloaded: https://repo.maven.apache.org/maven2/org/sonatype/sisu/siesta/siesta-client/1.7/siesta-client-1.7.pom (2 KB at 5.1 KB/sec)
Downloading: https://repo.maven.apache.org/maven2/org/sonatype/sisu/siesta/siesta/1.7/siesta-1.7.pom
Downloaded: https://repo.maven.apache.org/maven2/org/sonatype/sisu/siesta/siesta/1.7/siesta-1.7.pom (12 KB at 22.1 KB/sec)
Downloading: https://repo.maven.apache.org/maven2/org/sonatype/buildsupport/public-parent/5/public-parent-5.pom
Downloaded: https://repo.maven.apache.org/maven2/org/sonatype/buildsupport/public-parent/5/public-parent-5.pom (760 B at 2.0 KB/sec)
Downloading: https://repo.maven.apache.org/maven2/org/sonatype/buildsupport/buildsupport/5/buildsupport-5.pom
Downloaded: https://repo.maven.apache.org/maven2/org/sonatype/buildsupport/buildsupport/5/buildsupport-5.pom (22 KB at 53.5 KB/sec)
Downloading: https://repo.maven.apache.org/maven2/org/sonatype/sisu/siesta/siesta-common/1.7/siesta-common-1.7.pom
Downloaded: https://repo.maven.apache.org/maven2/org/sonatype/sisu/siesta/siesta-common/1.7/siesta-common-1.7.pom (3 KB at 6.0 KB/sec)
Downloading: https://repo.maven.apache.org/maven2/com/sun/jersey/jersey-core/1.17.1/jersey-core-1.17.1.pom
Downloaded: https://repo.maven.apache.org/maven2/com/sun/jersey/jersey-core/1.17.1/jersey-core-1.17.1.pom (11 KB at 28.2 KB/sec)
Downloading: https://repo.maven.apache.org/maven2/com/sun/jersey/jersey-project/1.17.1/jersey-project-1.17.1.pom
Downloaded: https://repo.maven.apache.org/maven2/com/sun/jersey/jersey-project/1.17.1/jersey-project-1.17.1.pom (21 KB at 56.6 KB/sec)
Downloading: https://repo.maven.apache.org/maven2/net/java/jvnet-parent/1/jvnet-parent-1.pom
Downloaded: https://repo.maven.apache.org/maven2/net/java/jvnet-parent/1/jvnet-parent-1.pom (5 KB at 10.9 KB/sec)
Downloading: https://repo.maven.apache.org/maven2/javax/validation/validation-api/1.1.0.Final/validation-api-1.1.0.Final.pom
Downloaded: https://repo.maven.apache.org/maven2/javax/validation/validation-api/1.1.0.Final/validation-api-1.1.0.Final.pom (8 KB at 21.3 KB/sec)
Downloading: https://repo.maven.apache.org/maven2/com/sun/jersey/jersey-client/1.17.1/jersey-client-1.17.1.pom
Downloaded: https://repo.maven.apache.org/maven2/com/sun/jersey/jersey-client/1.17.1/jersey-client-1.17.1.pom (7 KB at 18.7 KB/sec)
Downloading: https://repo.maven.apache.org/maven2/com/sun/jersey/contribs/jersey-apache-client4/1.17.1/jersey-apache-client4-1.17.1.pom
Downloaded: https://repo.maven.apache.org/maven2/com/sun/jersey/contribs/jersey-apache-client4/1.17.1/jersey-apache-client4-1.17.1.pom (7 KB at 15.8 KB/sec)
Downloading: https://repo.maven.apache.org/maven2/com/sun/jersey/contribs/jersey-contribs/1.17.1/jersey-contribs-1.17.1.pom
Downloaded: https://repo.maven.apache.org/maven2/com/sun/jersey/contribs/jersey-contribs/1.17.1/jersey-contribs-1.17.1.pom (4 KB at 9.2 KB/sec)
Downloading: https://repo.maven.apache.org/maven2/org/apache/httpcomponents/httpclient/4.3.5/httpclient-4.3.5.pom
Downloaded: https://repo.maven.apache.org/maven2/org/apache/httpcomponents/httpclient/4.3.5/httpclient-4.3.5.pom (6 KB at 5.9 KB/sec)
Downloading: https://repo.maven.apache.org/maven2/org/apache/httpcomponents/httpcomponents-client/4.3.5/httpcomponents-client-4.3.5.pom
Downloaded: https://repo.maven.apache.org/maven2/org/apache/httpcomponents/httpcomponents-client/4.3.5/httpcomponents-client-4.3.5.pom (16 KB at 40.2 KB/sec)
Downloading: https://repo.maven.apache.org/maven2/org/apache/httpcomponents/project/7/project-7.pom
Downloaded: https://repo.maven.apache.org/maven2/org/apache/httpcomponents/project/7/project-7.pom (27 KB at 59.5 KB/sec)
Downloading: https://repo.maven.apache.org/maven2/org/apache/httpcomponents/httpcore/4.3.2/httpcore-4.3.2.pom
Downloaded: https://repo.maven.apache.org/maven2/org/apache/httpcomponents/httpcore/4.3.2/httpcore-4.3.2.pom (5 KB at 12.6 KB/sec)
Downloading: https://repo.maven.apache.org/maven2/org/apache/httpcomponents/httpcomponents-core/4.3.2/httpcomponents-core-4.3.2.pom
Downloaded: https://repo.maven.apache.org/maven2/org/apache/httpcomponents/httpcomponents-core/4.3.2/httpcomponents-core-4.3.2.pom (12 KB at 33.4 KB/sec)
Downloading: https://repo.maven.apache.org/maven2/commons-codec/commons-codec/1.6/commons-codec-1.6.pom
Downloaded: https://repo.maven.apache.org/maven2/commons-codec/commons-codec/1.6/commons-codec-1.6.pom (11 KB at 28.7 KB/sec)
Downloading: https://repo.maven.apache.org/maven2/org/slf4j/jcl-over-slf4j/1.7.7/jcl-over-slf4j-1.7.7.pom
Downloaded: https://repo.maven.apache.org/maven2/org/slf4j/jcl-over-slf4j/1.7.7/jcl-over-slf4j-1.7.7.pom (2 KB at 5.0 KB/sec)
Downloading: https://repo.maven.apache.org/maven2/org/sonatype/sisu/siesta/siesta-jackson/1.7/siesta-jackson-1.7.pom
Downloaded: https://repo.maven.apache.org/maven2/org/sonatype/sisu/siesta/siesta-jackson/1.7/siesta-jackson-1.7.pom (3 KB at 7.1 KB/sec)
Downloading: https://repo.maven.apache.org/maven2/com/fasterxml/jackson/core/jackson-annotations/2.3.1/jackson-annotations-2.3.1.pom
Downloaded: https://repo.maven.apache.org/maven2/com/fasterxml/jackson/core/jackson-annotations/2.3.1/jackson-annotations-2.3.1.pom (2 KB at 4.3 KB/sec)
Downloading: https://repo.maven.apache.org/maven2/com/fasterxml/oss-parent/11/oss-parent-11.pom
Downloaded: https://repo.maven.apache.org/maven2/com/fasterxml/oss-parent/11/oss-parent-11.pom (23 KB at 40.2 KB/sec)
Downloading: https://repo.maven.apache.org/maven2/com/fasterxml/jackson/core/jackson-core/2.3.1/jackson-core-2.3.1.pom
Downloaded: https://repo.maven.apache.org/maven2/com/fasterxml/jackson/core/jackson-core/2.3.1/jackson-core-2.3.1.pom (6 KB at 16.0 KB/sec)
Downloading: https://repo.maven.apache.org/maven2/com/fasterxml/oss-parent/12/oss-parent-12.pom
Downloaded: https://repo.maven.apache.org/maven2/com/fasterxml/oss-parent/12/oss-parent-12.pom (23 KB at 58.3 KB/sec)
Downloading: https://repo.maven.apache.org/maven2/com/fasterxml/jackson/core/jackson-databind/2.3.1/jackson-databind-2.3.1.pom
Downloaded: https://repo.maven.apache.org/maven2/com/fasterxml/jackson/core/jackson-databind/2.3.1/jackson-databind-2.3.1.pom (6 KB at 17.0 KB/sec)
Downloading: https://repo.maven.apache.org/maven2/com/fasterxml/jackson/core/jackson-annotations/2.3.0/jackson-annotations-2.3.0.pom
Downloaded: https://repo.maven.apache.org/maven2/com/fasterxml/jackson/core/jackson-annotations/2.3.0/jackson-annotations-2.3.0.pom (2 KB at 3.8 KB/sec)
Downloading: https://repo.maven.apache.org/maven2/com/fasterxml/jackson/jaxrs/jackson-jaxrs-json-provider/2.3.1/jackson-jaxrs-json-provider-2.3.1.pom
Downloaded: https://repo.maven.apache.org/maven2/com/fasterxml/jackson/jaxrs/jackson-jaxrs-json-provider/2.3.1/jackson-jaxrs-json-provider-2.3.1.pom (4 KB at 4.2 KB/sec)
Downloading: https://repo.maven.apache.org/maven2/com/fasterxml/jackson/jaxrs/jackson-jaxrs-providers/2.3.1/jackson-jaxrs-providers-2.3.1.pom
Downloaded: https://repo.maven.apache.org/maven2/com/fasterxml/jackson/jaxrs/jackson-jaxrs-providers/2.3.1/jackson-jaxrs-providers-2.3.1.pom (4 KB at 4.7 KB/sec)
Downloading: https://repo.maven.apache.org/maven2/com/fasterxml/jackson/jaxrs/jackson-jaxrs-base/2.3.1/jackson-jaxrs-base-2.3.1.pom
Downloaded: https://repo.maven.apache.org/maven2/com/fasterxml/jackson/jaxrs/jackson-jaxrs-base/2.3.1/jackson-jaxrs-base-2.3.1.pom (2 KB at 2.0 KB/sec)
Downloading: https://repo.maven.apache.org/maven2/com/fasterxml/jackson/module/jackson-module-jaxb-annotations/2.3.1/jackson-module-jaxb-annotations-2.3.1.pom
Downloaded: https://repo.maven.apache.org/maven2/com/fasterxml/jackson/module/jackson-module-jaxb-annotations/2.3.1/jackson-module-jaxb-annotations-2.3.1.pom (5 KB at 12.4 KB/sec)
Downloading: https://repo.maven.apache.org/maven2/org/sonatype/spice/zapper/spice-zapper/1.3/spice-zapper-1.3.pom
Downloaded: https://repo.maven.apache.org/maven2/org/sonatype/spice/zapper/spice-zapper/1.3/spice-zapper-1.3.pom (5 KB at 12.1 KB/sec)
Downloading: https://repo.maven.apache.org/maven2/org/fusesource/hawtbuf/hawtbuf-proto/1.9/hawtbuf-proto-1.9.pom
Downloaded: https://repo.maven.apache.org/maven2/org/fusesource/hawtbuf/hawtbuf-proto/1.9/hawtbuf-proto-1.9.pom (5 KB at 12.8 KB/sec)
Downloading: https://repo.maven.apache.org/maven2/org/fusesource/hawtbuf/hawtbuf-project/1.9/hawtbuf-project-1.9.pom
Downloaded: https://repo.maven.apache.org/maven2/org/fusesource/hawtbuf/hawtbuf-project/1.9/hawtbuf-project-1.9.pom (11 KB at 30.7 KB/sec)
Downloading: https://repo.maven.apache.org/maven2/org/fusesource/fusesource-pom/1.9/fusesource-pom-1.9.pom
Downloaded: https://repo.maven.apache.org/maven2/org/fusesource/fusesource-pom/1.9/fusesource-pom-1.9.pom (15 KB at 36.6 KB/sec)
Downloading: https://repo.maven.apache.org/maven2/org/fusesource/hawtbuf/hawtbuf/1.9/hawtbuf-1.9.pom
Downloaded: https://repo.maven.apache.org/maven2/org/fusesource/hawtbuf/hawtbuf/1.9/hawtbuf-1.9.pom (3 KB at 2.3 KB/sec)
Downloading: https://repo.maven.apache.org/maven2/org/sonatype/aether/aether-api/1.13.1/aether-api-1.13.1.pom
Downloaded: https://repo.maven.apache.org/maven2/org/sonatype/aether/aether-api/1.13.1/aether-api-1.13.1.pom (2 KB at 3.4 KB/sec)
Downloading: https://repo.maven.apache.org/maven2/org/sonatype/aether/aether/1.13.1/aether-1.13.1.pom
Downloaded: https://repo.maven.apache.org/maven2/org/sonatype/aether/aether/1.13.1/aether-1.13.1.pom (10 KB at 23.7 KB/sec)
Downloading: https://repo.maven.apache.org/maven2/ch/qos/logback/logback-core/1.1.2/logback-core-1.1.2.pom
Downloaded: https://repo.maven.apache.org/maven2/ch/qos/logback/logback-core/1.1.2/logback-core-1.1.2.pom (5 KB at 9.2 KB/sec)
Downloading: https://repo.maven.apache.org/maven2/ch/qos/logback/logback-parent/1.1.2/logback-parent-1.1.2.pom
Downloaded: https://repo.maven.apache.org/maven2/ch/qos/logback/logback-parent/1.1.2/logback-parent-1.1.2.pom (15 KB at 40.1 KB/sec)
Downloading: https://repo.maven.apache.org/maven2/ch/qos/logback/logback-classic/1.1.2/logback-classic-1.1.2.pom
Downloaded: https://repo.maven.apache.org/maven2/ch/qos/logback/logback-classic/1.1.2/logback-classic-1.1.2.pom (12 KB at 29.4 KB/sec)
Downloading: https://repo.maven.apache.org/maven2/org/sonatype/plugins/nexus-staging-maven-plugin/1.6.8/nexus-staging-maven-plugin-1.6.8.jar
Downloading: https://repo.maven.apache.org/maven2/org/sonatype/nexus/maven/nexus-common/1.6.8/nexus-common-1.6.8.jar
Downloading: https://repo.maven.apache.org/maven2/org/sonatype/plexus/plexus-cipher/1.7/plexus-cipher-1.7.jar
Downloading: https://repo.maven.apache.org/maven2/org/sonatype/nexus/nexus-client-core/2.14.3-02/nexus-client-core-2.14.3-02.jar
Downloading: https://repo.maven.apache.org/maven2/com/google/guava/guava/14.0.1/guava-14.0.1.jar
Downloaded: https://repo.maven.apache.org/maven2/org/sonatype/plexus/plexus-cipher/1.7/plexus-cipher-1.7.jar (14 KB at 20.4 KB/sec)
Downloading: https://repo.maven.apache.org/maven2/org/sonatype/nexus/plugins/nexus-restlet1x-model/2.14.3-02/nexus-restlet1x-model-2.14.3-02.jar
Downloaded: https://repo.maven.apache.org/maven2/org/sonatype/nexus/maven/nexus-common/1.6.8/nexus-common-1.6.8.jar (16 KB at 12.9 KB/sec)
Downloading: https://repo.maven.apache.org/maven2/org/slf4j/slf4j-api/1.7.7/slf4j-api-1.7.7.jar
Downloaded: https://repo.maven.apache.org/maven2/org/sonatype/nexus/nexus-client-core/2.14.3-02/nexus-client-core-2.14.3-02.jar (211 KB at 159.5 KB/sec)
Downloading: https://repo.maven.apache.org/maven2/com/intellij/annotations/9.0.4/annotations-9.0.4.jar
Downloaded: https://repo.maven.apache.org/maven2/org/sonatype/nexus/plugins/nexus-restlet1x-model/2.14.3-02/nexus-restlet1x-model-2.14.3-02.jar (160 KB at 93.7 KB/sec)
Downloading: https://repo.maven.apache.org/maven2/commons-io/commons-io/2.4/commons-io-2.4.jar
Downloaded: https://repo.maven.apache.org/maven2/com/intellij/annotations/9.0.4/annotations-9.0.4.jar (10 KB at 5.3 KB/sec)
Downloading: https://repo.maven.apache.org/maven2/com/thoughtworks/xstream/xstream/1.4.7/xstream-1.4.7.jar
Downloaded: https://repo.maven.apache.org/maven2/org/slf4j/slf4j-api/1.7.7/slf4j-api-1.7.7.jar (29 KB at 14.3 KB/sec)
Downloading: https://repo.maven.apache.org/maven2/joda-time/joda-time/2.2/joda-time-2.2.jar
Downloaded: https://repo.maven.apache.org/maven2/org/sonatype/plugins/nexus-staging-maven-plugin/1.6.8/nexus-staging-maven-plugin-1.6.8.jar (245 KB at 99.8 KB/sec)
Downloading: https://repo.maven.apache.org/maven2/commons-lang/commons-lang/2.6/commons-lang-2.6.jar
Downloaded: https://repo.maven.apache.org/maven2/commons-io/commons-io/2.4/commons-io-2.4.jar (181 KB at 73.0 KB/sec)
Downloading: https://repo.maven.apache.org/maven2/commons-beanutils/commons-beanutils-core/1.8.3/commons-beanutils-core-1.8.3.jar
Downloaded: https://repo.maven.apache.org/maven2/commons-lang/commons-lang/2.6/commons-lang-2.6.jar (278 KB at 65.5 KB/sec)
Downloading: https://repo.maven.apache.org/maven2/org/sonatype/sisu/siesta/siesta-client/1.7/siesta-client-1.7.jar
Downloaded: https://repo.maven.apache.org/maven2/commons-beanutils/commons-beanutils-core/1.8.3/commons-beanutils-core-1.8.3.jar (202 KB at 47.2 KB/sec)
Downloading: https://repo.maven.apache.org/maven2/org/sonatype/sisu/siesta/siesta-common/1.7/siesta-common-1.7.jar
Downloaded: https://repo.maven.apache.org/maven2/org/sonatype/sisu/siesta/siesta-common/1.7/siesta-common-1.7.jar (11 KB at 2.2 KB/sec)
Downloading: https://repo.maven.apache.org/maven2/com/sun/jersey/jersey-core/1.17.1/jersey-core-1.17.1.jar
Downloaded: https://repo.maven.apache.org/maven2/org/sonatype/sisu/siesta/siesta-client/1.7/siesta-client-1.7.jar (20 KB at 4.0 KB/sec)
Downloading: https://repo.maven.apache.org/maven2/javax/validation/validation-api/1.1.0.Final/validation-api-1.1.0.Final.jar
Downloaded: https://repo.maven.apache.org/maven2/javax/validation/validation-api/1.1.0.Final/validation-api-1.1.0.Final.jar (63 KB at 11.8 KB/sec)
Downloading: https://repo.maven.apache.org/maven2/com/sun/jersey/jersey-client/1.17.1/jersey-client-1.17.1.jar
Downloaded: https://repo.maven.apache.org/maven2/com/thoughtworks/xstream/xstream/1.4.7/xstream-1.4.7.jar (520 KB at 97.7 KB/sec)
Downloading: https://repo.maven.apache.org/maven2/com/sun/jersey/contribs/jersey-apache-client4/1.17.1/jersey-apache-client4-1.17.1.jar
Downloaded: https://repo.maven.apache.org/maven2/joda-time/joda-time/2.2/joda-time-2.2.jar (561 KB at 98.7 KB/sec)
Downloading: https://repo.maven.apache.org/maven2/org/sonatype/sisu/siesta/siesta-jackson/1.7/siesta-jackson-1.7.jar
Downloaded: https://repo.maven.apache.org/maven2/com/sun/jersey/contribs/jersey-apache-client4/1.17.1/jersey-apache-client4-1.17.1.jar (16 KB at 2.6 KB/sec)
Downloading: https://repo.maven.apache.org/maven2/com/fasterxml/jackson/core/jackson-annotations/2.3.1/jackson-annotations-2.3.1.jar
Downloaded: https://repo.maven.apache.org/maven2/com/sun/jersey/jersey-client/1.17.1/jersey-client-1.17.1.jar (128 KB at 19.8 KB/sec)
Downloading: https://repo.maven.apache.org/maven2/com/fasterxml/jackson/core/jackson-core/2.3.1/jackson-core-2.3.1.jar
Downloaded: https://repo.maven.apache.org/maven2/org/sonatype/sisu/siesta/siesta-jackson/1.7/siesta-jackson-1.7.jar (7 KB at 1.0 KB/sec)
Downloading: https://repo.maven.apache.org/maven2/com/fasterxml/jackson/core/jackson-databind/2.3.1/jackson-databind-2.3.1.jar
Downloaded: https://repo.maven.apache.org/maven2/com/sun/jersey/jersey-core/1.17.1/jersey-core-1.17.1.jar (457 KB at 69.1 KB/sec)
Downloading: https://repo.maven.apache.org/maven2/com/fasterxml/jackson/jaxrs/jackson-jaxrs-json-provider/2.3.1/jackson-jaxrs-json-provider-2.3.1.jar
Downloaded: https://repo.maven.apache.org/maven2/com/fasterxml/jackson/core/jackson-annotations/2.3.1/jackson-annotations-2.3.1.jar (36 KB at 5.1 KB/sec)
Downloading: https://repo.maven.apache.org/maven2/com/fasterxml/jackson/jaxrs/jackson-jaxrs-base/2.3.1/jackson-jaxrs-base-2.3.1.jar
Downloaded: https://repo.maven.apache.org/maven2/com/fasterxml/jackson/jaxrs/jackson-jaxrs-json-provider/2.3.1/jackson-jaxrs-json-provider-2.3.1.jar (17 KB at 2.3 KB/sec)
Downloading: https://repo.maven.apache.org/maven2/com/fasterxml/jackson/module/jackson-module-jaxb-annotations/2.3.1/jackson-module-jaxb-annotations-2.3.1.jar
Downloaded: https://repo.maven.apache.org/maven2/com/fasterxml/jackson/jaxrs/jackson-jaxrs-base/2.3.1/jackson-jaxrs-base-2.3.1.jar (27 KB at 3.4 KB/sec)
Downloading: https://repo.maven.apache.org/maven2/org/apache/httpcomponents/httpclient/4.3.5/httpclient-4.3.5.jar
Downloaded: https://repo.maven.apache.org/maven2/com/fasterxml/jackson/core/jackson-core/2.3.1/jackson-core-2.3.1.jar (194 KB at 24.7 KB/sec)
Downloading: https://repo.maven.apache.org/maven2/commons-codec/commons-codec/1.6/commons-codec-1.6.jar
Downloaded: https://repo.maven.apache.org/maven2/com/fasterxml/jackson/module/jackson-module-jaxb-annotations/2.3.1/jackson-module-jaxb-annotations-2.3.1.jar (31 KB at 3.9 KB/sec)
Downloading: https://repo.maven.apache.org/maven2/org/apache/httpcomponents/httpcore/4.3.2/httpcore-4.3.2.jar
Downloaded: https://repo.maven.apache.org/maven2/commons-codec/commons-codec/1.6/commons-codec-1.6.jar (228 KB at 19.6 KB/sec)
Downloading: https://repo.maven.apache.org/maven2/org/slf4j/jcl-over-slf4j/1.7.7/jcl-over-slf4j-1.7.7.jar
Downloaded: https://repo.maven.apache.org/maven2/com/google/guava/guava/14.0.1/guava-14.0.1.jar (2138 KB at 184.1 KB/sec)
Downloading: https://repo.maven.apache.org/maven2/org/sonatype/spice/zapper/spice-zapper/1.3/spice-zapper-1.3.jar
Downloaded: https://repo.maven.apache.org/maven2/com/fasterxml/jackson/core/jackson-databind/2.3.1/jackson-databind-2.3.1.jar (893 KB at 74.7 KB/sec)
Downloading: https://repo.maven.apache.org/maven2/org/fusesource/hawtbuf/hawtbuf-proto/1.9/hawtbuf-proto-1.9.jar
Downloaded: https://repo.maven.apache.org/maven2/org/apache/httpcomponents/httpclient/4.3.5/httpclient-4.3.5.jar (577 KB at 47.1 KB/sec)
Downloading: https://repo.maven.apache.org/maven2/org/fusesource/hawtbuf/hawtbuf/1.9/hawtbuf-1.9.jar
Downloaded: https://repo.maven.apache.org/maven2/org/slf4j/jcl-over-slf4j/1.7.7/jcl-over-slf4j-1.7.7.jar (17 KB at 1.3 KB/sec)
Downloading: https://repo.maven.apache.org/maven2/org/codehaus/plexus/plexus-utils/3.0.8/plexus-utils-3.0.8.jar
Downloaded: https://repo.maven.apache.org/maven2/org/fusesource/hawtbuf/hawtbuf-proto/1.9/hawtbuf-proto-1.9.jar (27 KB at 2.1 KB/sec)
Downloading: https://repo.maven.apache.org/maven2/ch/qos/logback/logback-core/1.1.2/logback-core-1.1.2.jar
Downloaded: https://repo.maven.apache.org/maven2/org/fusesource/hawtbuf/hawtbuf/1.9/hawtbuf-1.9.jar (49 KB at 3.8 KB/sec)
Downloading: https://repo.maven.apache.org/maven2/ch/qos/logback/logback-classic/1.1.2/logback-classic-1.1.2.jar
Downloaded: https://repo.maven.apache.org/maven2/org/sonatype/spice/zapper/spice-zapper/1.3/spice-zapper-1.3.jar (119 KB at 9.2 KB/sec)
Downloaded: https://repo.maven.apache.org/maven2/org/apache/httpcomponents/httpcore/4.3.2/httpcore-4.3.2.jar (276 KB at 21.2 KB/sec)
Downloaded: https://repo.maven.apache.org/maven2/ch/qos/logback/logback-core/1.1.2/logback-core-1.1.2.jar (418 KB at 29.6 KB/sec)
Downloaded: https://repo.maven.apache.org/maven2/org/codehaus/plexus/plexus-utils/3.0.8/plexus-utils-3.0.8.jar (227 KB at 16.1 KB/sec)
Downloaded: https://repo.maven.apache.org/maven2/ch/qos/logback/logback-classic/1.1.2/logback-classic-1.1.2.jar (265 KB at 17.7 KB/sec)
Downloading: https://repo.maven.apache.org/maven2/org/evosuite/evosuite-client/1.0.6/evosuite-client-1.0.6-tests.jar
Downloaded: https://repo.maven.apache.org/maven2/org/evosuite/evosuite-client/1.0.6/evosuite-client-1.0.6-tests.jar (811 KB at 261.3 KB/sec)
[INFO] SLF4J: Class path contains multiple SLF4J bindings.
[INFO] SLF4J: Found binding in [jar:file:/C:/Users/Deepak/.m2/repository/org/evosuite/evosuite-master/1.0.6/evosuite-master-1.0.6.jar!/org/slf4j/impl/StaticLoggerBinder.class]
[INFO] SLF4J: Found binding in [jar:file:/C:/Users/Deepak/.m2/repository/ch/qos/logback/logback-classic/1.1.3/logback-classic-1.1.3.jar!/org/slf4j/impl/StaticLoggerBinder.class]
[INFO] SLF4J: See http://www.slf4j.org/codes.html#multiple_bindings for an explanation.
[INFO] SLF4J: Actual binding is of type [ch.qos.logback.classic.util.ContextSelectorStaticBinder]
[INFO] * EvoSuite 1.0.6
[INFO] Registered remote process from /127.0.0.1:16707
[INFO] Going to execute 1 jobs
[INFO] Estimated completion time: 2 minutes, by 2019-05-28T20:47:12.937
[INFO] Going to start job for: User. Expected to end in 120 seconds, by 2019-05-28T20:47:13.585
[INFO] Registered remote process from /127.0.0.1:16708
[INFO] Registered remote process from /127.0.0.1:16718
[INFO] Completed job. Left: 0
[INFO] * Updating database to User
[INFO] === CTG run results ===
[INFO] Removed test suites: 0
[INFO] New test suites: 1
[INFO] Stopping spawn process manager
[INFO]                                                                         
[INFO] ------------------------------------------------------------------------
[INFO] Building util 1.0-SNAPSHOT
[INFO] ------------------------------------------------------------------------
[INFO] 
[INFO] >>> evosuite-maven-plugin:1.0.6:generate (default-cli) > compile @ util >>>
[INFO] 
[INFO] --- maven-resources-plugin:2.6:resources (default-resources) @ util ---
[WARNING] Using platform encoding (UTF-8 actually) to copy filtered resources, i.e. build is platform dependent!
[INFO] Copying 0 resource
[INFO] 
[INFO] --- maven-compiler-plugin:3.1:compile (default-compile) @ util ---
[INFO] Nothing to compile - all classes are up to date
[INFO] 
[INFO] <<< evosuite-maven-plugin:1.0.6:generate (default-cli) < compile @ util <<<
[INFO] 
[INFO] --- evosuite-maven-plugin:1.0.6:generate (default-cli) @ util ---
[INFO] Going to generate tests with EvoSuite
[INFO] Total memory: 800mb
[INFO] Time per class: 2 minutes
[INFO] Number of used cores: 1
[INFO] Target: F:\workspace\java\intellij\evosuitedemo\util\target\classes
[INFO] Basedir: F:\workspace\java\intellij\evosuitedemo\util
[INFO] Started spawn process manager on port 16728
[INFO] SLF4J: Class path contains multiple SLF4J bindings.
[INFO] SLF4J: Found binding in [jar:file:/C:/Users/Deepak/.m2/repository/org/evosuite/evosuite-master/1.0.6/evosuite-master-1.0.6.jar!/org/slf4j/impl/StaticLoggerBinder.class]
[INFO] SLF4J: Found binding in [jar:file:/C:/Users/Deepak/.m2/repository/ch/qos/logback/logback-classic/1.1.3/logback-classic-1.1.3.jar!/org/slf4j/impl/StaticLoggerBinder.class]
[INFO] SLF4J: See http://www.slf4j.org/codes.html#multiple_bindings for an explanation.
[INFO] SLF4J: Actual binding is of type [ch.qos.logback.classic.util.ContextSelectorStaticBinder]
[INFO] Registered remote process from /127.0.0.1:16730
[INFO] * EvoSuite 1.0.6
[INFO] Going to execute 1 jobs
[INFO] Estimated completion time: 2 minutes, by 2019-05-28T20:47:52.951
[INFO] Going to start job for: UserUtil. Expected to end in 120 seconds, by 2019-05-28T20:47:53.677
[INFO] Registered remote process from /127.0.0.1:16731
[INFO] Completed job. Left: 0
[INFO] * Updating database to UserUtil
[INFO] === CTG run results ===
[INFO] Removed test suites: 0
[INFO] New test suites: 1
[INFO] Stopping spawn process manager
[INFO]                                                                         
[INFO] ------------------------------------------------------------------------
[INFO] Building bo 1.0-SNAPSHOT
[INFO] ------------------------------------------------------------------------
[INFO] 
[INFO] >>> evosuite-maven-plugin:1.0.6:generate (default-cli) > compile @ bo >>>
[INFO] 
[INFO] --- maven-resources-plugin:2.6:resources (default-resources) @ bo ---
[WARNING] Using platform encoding (UTF-8 actually) to copy filtered resources, i.e. build is platform dependent!
[INFO] Copying 0 resource
[INFO] 
[INFO] --- maven-compiler-plugin:3.1:compile (default-compile) @ bo ---
[INFO] Nothing to compile - all classes are up to date
[INFO] 
[INFO] <<< evosuite-maven-plugin:1.0.6:generate (default-cli) < compile @ bo <<<
[INFO] 
[INFO] --- evosuite-maven-plugin:1.0.6:generate (default-cli) @ bo ---
[INFO] Going to generate tests with EvoSuite
[INFO] Total memory: 800mb
[INFO] Time per class: 2 minutes
[INFO] Number of used cores: 1
[INFO] Target: F:\workspace\java\intellij\evosuitedemo\bo\target\classes
[INFO] Basedir: F:\workspace\java\intellij\evosuitedemo\bo
[INFO] Started spawn process manager on port 16775
[INFO] SLF4J: Class path contains multiple SLF4J bindings.
[INFO] SLF4J: Found binding in [jar:file:/C:/Users/Deepak/.m2/repository/org/evosuite/evosuite-master/1.0.6/evosuite-master-1.0.6.jar!/org/slf4j/impl/StaticLoggerBinder.class]
[INFO] SLF4J: Found binding in [jar:file:/C:/Users/Deepak/.m2/repository/ch/qos/logback/logback-classic/1.1.3/logback-classic-1.1.3.jar!/org/slf4j/impl/StaticLoggerBinder.class]
[INFO] SLF4J: See http://www.slf4j.org/codes.html#multiple_bindings for an explanation.
[INFO] SLF4J: Actual binding is of type [ch.qos.logback.classic.util.ContextSelectorStaticBinder]
[INFO] * EvoSuite 1.0.6
[INFO] Registered remote process from /127.0.0.1:16779
[INFO] Going to execute 1 jobs
[INFO] Estimated completion time: 2 minutes, by 2019-05-28T20:49:41.690
[INFO] Going to start job for: UserController. Expected to end in 120 seconds, by 2019-05-28T20:49:43.513
[INFO] Registered remote process from /127.0.0.1:16783
[INFO] Registered remote process from /127.0.0.1:16789
[INFO] Completed job. Left: 0
[INFO] * Updating database to UserController
[INFO] === CTG run results ===
[INFO] Removed test suites: 0
[INFO] New test suites: 1
[INFO] Stopping spawn process manager
[INFO] ------------------------------------------------------------------------
[INFO] Reactor Summary:
[INFO] 
[INFO] evosuitedemo ....................................... SUCCESS [  4.823 s]
[INFO] model .............................................. SUCCESS [01:59 min]
[INFO] util ............................................... SUCCESS [01:45 min]
[INFO] bo ................................................. SUCCESS [ 55.870 s]
[INFO] ------------------------------------------------------------------------
[INFO] BUILD SUCCESS
[INFO] ------------------------------------------------------------------------
[INFO] Total time: 05:00 min
[INFO] Finished at: 2019-05-28T20:48:30+05:30
[INFO] Final Memory: 17M/46M
[INFO] ------------------------------------------------------------------------

Process finished with exit code 0
